The system is: Linux - 5.4.0-48-generic - x86_64
Compiling the CXX compiler identification source file "CMakeCXXCompilerId.cpp" succeeded.
Compiler: /home/memojigsaw/ece467/prefix/bin/c++ 
Build flags: 
Id flags:  

The output was:
0


Compilation of the CXX compiler identification source "CMakeCXXCompilerId.cpp" produced "a.out"

The CXX compiler identification is GNU, found in "/home/memojigsaw/ece467/ece467-1002654950/cmake-build-debug/CMakeFiles/3.18.3/CompilerIdCXX/a.out"

Detecting CXX compiler ABI info compiled with the following output:
Change Dir: /home/memojigsaw/ece467/ece467-1002654950/cmake-build-debug/CMakeFiles/CMakeTmp

Run Build Command(s):/usr/bin/make cmTC_47343/fast && /usr/bin/make  -f CMakeFiles/cmTC_47343.dir/build.make CMakeFiles/cmTC_47343.dir/build
make[1]: Entering directory '/home/memojigsaw/ece467/ece467-1002654950/cmake-build-debug/CMakeFiles/CMakeTmp'
Building CXX object CMakeFiles/cmTC_47343.dir/CMakeCXXCompilerABI.cpp.o
/home/memojigsaw/ece467/prefix/bin/c++   -v -o CMakeFiles/cmTC_47343.dir/CMakeCXXCompilerABI.cpp.o -c /home/memojigsaw/ece467/prefix/share/cmake-3.18/Modules/CMakeCXXCompilerABI.cpp
Using built-in specs.
COLLECT_GCC=/home/memojigsaw/ece467/prefix/bin/c++
Target: x86_64-pc-linux-gnu
Configured with: ../configure --prefix=/home/memojigsaw/ece467/prefix --enable-languages=c++ --disable-multilib
Thread model: posix
Supported LTO compression algorithms: zlib
gcc version 10.2.0 (GCC) 
COLLECT_GCC_OPTIONS='-v' '-o' 'CMakeFiles/cmTC_47343.dir/CMakeCXXCompilerABI.cpp.o' '-c' '-shared-libgcc' '-mtune=generic' '-march=x86-64'
 /home/memojigsaw/ece467/prefix/libexec/gcc/x86_64-pc-linux-gnu/10.2.0/cc1plus -quiet -v -imultiarch x86_64-linux-gnu -D_GNU_SOURCE /home/memojigsaw/ece467/prefix/share/cmake-3.18/Modules/CMakeCXXCompilerABI.cpp -quiet -dumpbase CMakeCXXCompilerABI.cpp -mtune=generic -march=x86-64 -auxbase-strip CMakeFiles/cmTC_47343.dir/CMakeCXXCompilerABI.cpp.o -version -o /tmp/ccSNBdi0.s
GNU C++14 (GCC) version 10.2.0 (x86_64-pc-linux-gnu)
	compiled by GNU C version 10.2.0, GMP version 4.3.2, MPFR version 3.1.0, MPC version 1.0.1, isl version none
GGC heuristics: --param ggc-min-expand=100 --param ggc-min-heapsize=131072
ignoring nonexistent directory "/usr/local/include/x86_64-linux-gnu"
ignoring nonexistent directory "/home/memojigsaw/ece467/prefix/lib/gcc/x86_64-pc-linux-gnu/10.2.0/../../../../x86_64-pc-linux-gnu/include"
#include "..." search starts here:
#include <...> search starts here:
 /home/memojigsaw/ece467/prefix/lib/gcc/x86_64-pc-linux-gnu/10.2.0/../../../../include/c++/10.2.0
 /home/memojigsaw/ece467/prefix/lib/gcc/x86_64-pc-linux-gnu/10.2.0/../../../../include/c++/10.2.0/x86_64-pc-linux-gnu
 /home/memojigsaw/ece467/prefix/lib/gcc/x86_64-pc-linux-gnu/10.2.0/../../../../include/c++/10.2.0/backward
 /home/memojigsaw/ece467/prefix/lib/gcc/x86_64-pc-linux-gnu/10.2.0/include
 /usr/local/include
 /home/memojigsaw/ece467/prefix/include
 /home/memojigsaw/ece467/prefix/lib/gcc/x86_64-pc-linux-gnu/10.2.0/include-fixed
 /usr/include/x86_64-linux-gnu
 /usr/include
End of search list.
GNU C++14 (GCC) version 10.2.0 (x86_64-pc-linux-gnu)
	compiled by GNU C version 10.2.0, GMP version 4.3.2, MPFR version 3.1.0, MPC version 1.0.1, isl version none
GGC heuristics: --param ggc-min-expand=100 --param ggc-min-heapsize=131072
Compiler executable checksum: 36d85311495b1cd13c166b1a5b3a7275
COLLECT_GCC_OPTIONS='-v' '-o' 'CMakeFiles/cmTC_47343.dir/CMakeCXXCompilerABI.cpp.o' '-c' '-shared-libgcc' '-mtune=generic' '-march=x86-64'
 as -v --64 -o CMakeFiles/cmTC_47343.dir/CMakeCXXCompilerABI.cpp.o /tmp/ccSNBdi0.s
GNU assembler version 2.34 (x86_64-linux-gnu) using BFD version (GNU Binutils for Ubuntu) 2.34
COMPILER_PATH=/home/memojigsaw/ece467/prefix/libexec/gcc/x86_64-pc-linux-gnu/10.2.0/:/home/memojigsaw/ece467/prefix/libexec/gcc/x86_64-pc-linux-gnu/10.2.0/:/home/memojigsaw/ece467/prefix/libexec/gcc/x86_64-pc-linux-gnu/:/home/memojigsaw/ece467/prefix/lib/gcc/x86_64-pc-linux-gnu/10.2.0/:/home/memojigsaw/ece467/prefix/lib/gcc/x86_64-pc-linux-gnu/
LIBRARY_PATH=/home/memojigsaw/ece467/prefix/lib/gcc/x86_64-pc-linux-gnu/10.2.0/:/home/memojigsaw/ece467/prefix/lib/gcc/x86_64-pc-linux-gnu/10.2.0/../../../../lib64/:/lib/x86_64-linux-gnu/:/lib/../lib64/:/usr/lib/x86_64-linux-gnu/:/usr/lib/../lib64/:/home/memojigsaw/ece467/prefix/lib/gcc/x86_64-pc-linux-gnu/10.2.0/../../../:/lib/:/usr/lib/
COLLECT_GCC_OPTIONS='-v' '-o' 'CMakeFiles/cmTC_47343.dir/CMakeCXXCompilerABI.cpp.o' '-c' '-shared-libgcc' '-mtune=generic' '-march=x86-64'
Linking CXX executable cmTC_47343
/home/memojigsaw/ece467/prefix/bin/cmake -E cmake_link_script CMakeFiles/cmTC_47343.dir/link.txt --verbose=1
/home/memojigsaw/ece467/prefix/bin/c++  -v CMakeFiles/cmTC_47343.dir/CMakeCXXCompilerABI.cpp.o -o cmTC_47343 
Using built-in specs.
COLLECT_GCC=/home/memojigsaw/ece467/prefix/bin/c++
COLLECT_LTO_WRAPPER=/home/memojigsaw/ece467/prefix/libexec/gcc/x86_64-pc-linux-gnu/10.2.0/lto-wrapper
Target: x86_64-pc-linux-gnu
Configured with: ../configure --prefix=/home/memojigsaw/ece467/prefix --enable-languages=c++ --disable-multilib
Thread model: posix
Supported LTO compression algorithms: zlib
gcc version 10.2.0 (GCC) 
COMPILER_PATH=/home/memojigsaw/ece467/prefix/libexec/gcc/x86_64-pc-linux-gnu/10.2.0/:/home/memojigsaw/ece467/prefix/libexec/gcc/x86_64-pc-linux-gnu/10.2.0/:/home/memojigsaw/ece467/prefix/libexec/gcc/x86_64-pc-linux-gnu/:/home/memojigsaw/ece467/prefix/lib/gcc/x86_64-pc-linux-gnu/10.2.0/:/home/memojigsaw/ece467/prefix/lib/gcc/x86_64-pc-linux-gnu/
LIBRARY_PATH=/home/memojigsaw/ece467/prefix/lib/gcc/x86_64-pc-linux-gnu/10.2.0/:/home/memojigsaw/ece467/prefix/lib/gcc/x86_64-pc-linux-gnu/10.2.0/../../../../lib64/:/lib/x86_64-linux-gnu/:/lib/../lib64/:/usr/lib/x86_64-linux-gnu/:/usr/lib/../lib64/:/home/memojigsaw/ece467/prefix/lib/gcc/x86_64-pc-linux-gnu/10.2.0/../../../:/lib/:/usr/lib/
COLLECT_GCC_OPTIONS='-v' '-o' 'cmTC_47343' '-shared-libgcc' '-mtune=generic' '-march=x86-64'
 /home/memojigsaw/ece467/prefix/libexec/gcc/x86_64-pc-linux-gnu/10.2.0/collect2 -plugin /home/memojigsaw/ece467/prefix/libexec/gcc/x86_64-pc-linux-gnu/10.2.0/liblto_plugin.so -plugin-opt=/home/memojigsaw/ece467/prefix/libexec/gcc/x86_64-pc-linux-gnu/10.2.0/lto-wrapper -plugin-opt=-fresolution=/tmp/cctOFeNu.res -plugin-opt=-pass-through=-lgcc_s -plugin-opt=-pass-through=-lgcc -plugin-opt=-pass-through=-lc -plugin-opt=-pass-through=-lgcc_s -plugin-opt=-pass-through=-lgcc --eh-frame-hdr -m elf_x86_64 -dynamic-linker /lib64/ld-linux-x86-64.so.2 -o cmTC_47343 /lib/x86_64-linux-gnu/crt1.o /lib/x86_64-linux-gnu/crti.o /home/memojigsaw/ece467/prefix/lib/gcc/x86_64-pc-linux-gnu/10.2.0/crtbegin.o -L/home/memojigsaw/ece467/prefix/lib/gcc/x86_64-pc-linux-gnu/10.2.0 -L/home/memojigsaw/ece467/prefix/lib/gcc/x86_64-pc-linux-gnu/10.2.0/../../../../lib64 -L/lib/x86_64-linux-gnu -L/lib/../lib64 -L/usr/lib/x86_64-linux-gnu -L/usr/lib/../lib64 -L/home/memojigsaw/ece467/prefix/lib/gcc/x86_64-pc-linux-gnu/10.2.0/../../.. CMakeFiles/cmTC_47343.dir/CMakeCXXCompilerABI.cpp.o -lstdc++ -lm -lgcc_s -lgcc -lc -lgcc_s -lgcc /home/memojigsaw/ece467/prefix/lib/gcc/x86_64-pc-linux-gnu/10.2.0/crtend.o /lib/x86_64-linux-gnu/crtn.o
COLLECT_GCC_OPTIONS='-v' '-o' 'cmTC_47343' '-shared-libgcc' '-mtune=generic' '-march=x86-64'
make[1]: Leaving directory '/home/memojigsaw/ece467/ece467-1002654950/cmake-build-debug/CMakeFiles/CMakeTmp'



Parsed CXX implicit include dir info from above output: rv=done
  found start of include info
  found start of implicit include info
    add: [/home/memojigsaw/ece467/prefix/lib/gcc/x86_64-pc-linux-gnu/10.2.0/../../../../include/c++/10.2.0]
    add: [/home/memojigsaw/ece467/prefix/lib/gcc/x86_64-pc-linux-gnu/10.2.0/../../../../include/c++/10.2.0/x86_64-pc-linux-gnu]
    add: [/home/memojigsaw/ece467/prefix/lib/gcc/x86_64-pc-linux-gnu/10.2.0/../../../../include/c++/10.2.0/backward]
    add: [/home/memojigsaw/ece467/prefix/lib/gcc/x86_64-pc-linux-gnu/10.2.0/include]
    add: [/usr/local/include]
    add: [/home/memojigsaw/ece467/prefix/include]
    add: [/home/memojigsaw/ece467/prefix/lib/gcc/x86_64-pc-linux-gnu/10.2.0/include-fixed]
    add: [/usr/include/x86_64-linux-gnu]
    add: [/usr/include]
  end of search list found
  collapse include dir [/home/memojigsaw/ece467/prefix/lib/gcc/x86_64-pc-linux-gnu/10.2.0/../../../../include/c++/10.2.0] ==> [/home/memojigsaw/ece467/prefix/include/c++/10.2.0]
  collapse include dir [/home/memojigsaw/ece467/prefix/lib/gcc/x86_64-pc-linux-gnu/10.2.0/../../../../include/c++/10.2.0/x86_64-pc-linux-gnu] ==> [/home/memojigsaw/ece467/prefix/include/c++/10.2.0/x86_64-pc-linux-gnu]
  collapse include dir [/home/memojigsaw/ece467/prefix/lib/gcc/x86_64-pc-linux-gnu/10.2.0/../../../../include/c++/10.2.0/backward] ==> [/home/memojigsaw/ece467/prefix/include/c++/10.2.0/backward]
  collapse include dir [/home/memojigsaw/ece467/prefix/lib/gcc/x86_64-pc-linux-gnu/10.2.0/include] ==> [/home/memojigsaw/ece467/prefix/lib/gcc/x86_64-pc-linux-gnu/10.2.0/include]
  collapse include dir [/usr/local/include] ==> [/usr/local/include]
  collapse include dir [/home/memojigsaw/ece467/prefix/include] ==> [/home/memojigsaw/ece467/prefix/include]
  collapse include dir [/home/memojigsaw/ece467/prefix/lib/gcc/x86_64-pc-linux-gnu/10.2.0/include-fixed] ==> [/home/memojigsaw/ece467/prefix/lib/gcc/x86_64-pc-linux-gnu/10.2.0/include-fixed]
  collapse include dir [/usr/include/x86_64-linux-gnu] ==> [/usr/include/x86_64-linux-gnu]
  collapse include dir [/usr/include] ==> [/usr/include]
  implicit include dirs: [/home/memojigsaw/ece467/prefix/include/c++/10.2.0;/home/memojigsaw/ece467/prefix/include/c++/10.2.0/x86_64-pc-linux-gnu;/home/memojigsaw/ece467/prefix/include/c++/10.2.0/backward;/home/memojigsaw/ece467/prefix/lib/gcc/x86_64-pc-linux-gnu/10.2.0/include;/usr/local/include;/home/memojigsaw/ece467/prefix/include;/home/memojigsaw/ece467/prefix/lib/gcc/x86_64-pc-linux-gnu/10.2.0/include-fixed;/usr/include/x86_64-linux-gnu;/usr/include]


Parsed CXX implicit link information from above output:
  link line regex: [^( *|.*[/\])(ld|CMAKE_LINK_STARTFILE-NOTFOUND|([^/\]+-)?ld|collect2)[^/\]*( |$)]
  ignore line: [Change Dir: /home/memojigsaw/ece467/ece467-1002654950/cmake-build-debug/CMakeFiles/CMakeTmp]
  ignore line: []
  ignore line: [Run Build Command(s):/usr/bin/make cmTC_47343/fast && /usr/bin/make  -f CMakeFiles/cmTC_47343.dir/build.make CMakeFiles/cmTC_47343.dir/build]
  ignore line: [make[1]: Entering directory '/home/memojigsaw/ece467/ece467-1002654950/cmake-build-debug/CMakeFiles/CMakeTmp']
  ignore line: [Building CXX object CMakeFiles/cmTC_47343.dir/CMakeCXXCompilerABI.cpp.o]
  ignore line: [/home/memojigsaw/ece467/prefix/bin/c++   -v -o CMakeFiles/cmTC_47343.dir/CMakeCXXCompilerABI.cpp.o -c /home/memojigsaw/ece467/prefix/share/cmake-3.18/Modules/CMakeCXXCompilerABI.cpp]
  ignore line: [Using built-in specs.]
  ignore line: [COLLECT_GCC=/home/memojigsaw/ece467/prefix/bin/c++]
  ignore line: [Target: x86_64-pc-linux-gnu]
  ignore line: [Configured with: ../configure --prefix=/home/memojigsaw/ece467/prefix --enable-languages=c++ --disable-multilib]
  ignore line: [Thread model: posix]
  ignore line: [Supported LTO compression algorithms: zlib]
  ignore line: [gcc version 10.2.0 (GCC) ]
  ignore line: [COLLECT_GCC_OPTIONS='-v' '-o' 'CMakeFiles/cmTC_47343.dir/CMakeCXXCompilerABI.cpp.o' '-c' '-shared-libgcc' '-mtune=generic' '-march=x86-64']
  ignore line: [ /home/memojigsaw/ece467/prefix/libexec/gcc/x86_64-pc-linux-gnu/10.2.0/cc1plus -quiet -v -imultiarch x86_64-linux-gnu -D_GNU_SOURCE /home/memojigsaw/ece467/prefix/share/cmake-3.18/Modules/CMakeCXXCompilerABI.cpp -quiet -dumpbase CMakeCXXCompilerABI.cpp -mtune=generic -march=x86-64 -auxbase-strip CMakeFiles/cmTC_47343.dir/CMakeCXXCompilerABI.cpp.o -version -o /tmp/ccSNBdi0.s]
  ignore line: [GNU C++14 (GCC) version 10.2.0 (x86_64-pc-linux-gnu)]
  ignore line: [	compiled by GNU C version 10.2.0  GMP version 4.3.2  MPFR version 3.1.0  MPC version 1.0.1  isl version none]
  ignore line: [GGC heuristics: --param ggc-min-expand=100 --param ggc-min-heapsize=131072]
  ignore line: [ignoring nonexistent directory "/usr/local/include/x86_64-linux-gnu"]
  ignore line: [ignoring nonexistent directory "/home/memojigsaw/ece467/prefix/lib/gcc/x86_64-pc-linux-gnu/10.2.0/../../../../x86_64-pc-linux-gnu/include"]
  ignore line: [#include "..." search starts here:]
  ignore line: [#include <...> search starts here:]
  ignore line: [ /home/memojigsaw/ece467/prefix/lib/gcc/x86_64-pc-linux-gnu/10.2.0/../../../../include/c++/10.2.0]
  ignore line: [ /home/memojigsaw/ece467/prefix/lib/gcc/x86_64-pc-linux-gnu/10.2.0/../../../../include/c++/10.2.0/x86_64-pc-linux-gnu]
  ignore line: [ /home/memojigsaw/ece467/prefix/lib/gcc/x86_64-pc-linux-gnu/10.2.0/../../../../include/c++/10.2.0/backward]
  ignore line: [ /home/memojigsaw/ece467/prefix/lib/gcc/x86_64-pc-linux-gnu/10.2.0/include]
  ignore line: [ /usr/local/include]
  ignore line: [ /home/memojigsaw/ece467/prefix/include]
  ignore line: [ /home/memojigsaw/ece467/prefix/lib/gcc/x86_64-pc-linux-gnu/10.2.0/include-fixed]
  ignore line: [ /usr/include/x86_64-linux-gnu]
  ignore line: [ /usr/include]
  ignore line: [End of search list.]
  ignore line: [GNU C++14 (GCC) version 10.2.0 (x86_64-pc-linux-gnu)]
  ignore line: [	compiled by GNU C version 10.2.0  GMP version 4.3.2  MPFR version 3.1.0  MPC version 1.0.1  isl version none]
  ignore line: [GGC heuristics: --param ggc-min-expand=100 --param ggc-min-heapsize=131072]
  ignore line: [Compiler executable checksum: 36d85311495b1cd13c166b1a5b3a7275]
  ignore line: [COLLECT_GCC_OPTIONS='-v' '-o' 'CMakeFiles/cmTC_47343.dir/CMakeCXXCompilerABI.cpp.o' '-c' '-shared-libgcc' '-mtune=generic' '-march=x86-64']
  ignore line: [ as -v --64 -o CMakeFiles/cmTC_47343.dir/CMakeCXXCompilerABI.cpp.o /tmp/ccSNBdi0.s]
  ignore line: [GNU assembler version 2.34 (x86_64-linux-gnu) using BFD version (GNU Binutils for Ubuntu) 2.34]
  ignore line: [COMPILER_PATH=/home/memojigsaw/ece467/prefix/libexec/gcc/x86_64-pc-linux-gnu/10.2.0/:/home/memojigsaw/ece467/prefix/libexec/gcc/x86_64-pc-linux-gnu/10.2.0/:/home/memojigsaw/ece467/prefix/libexec/gcc/x86_64-pc-linux-gnu/:/home/memojigsaw/ece467/prefix/lib/gcc/x86_64-pc-linux-gnu/10.2.0/:/home/memojigsaw/ece467/prefix/lib/gcc/x86_64-pc-linux-gnu/]
  ignore line: [LIBRARY_PATH=/home/memojigsaw/ece467/prefix/lib/gcc/x86_64-pc-linux-gnu/10.2.0/:/home/memojigsaw/ece467/prefix/lib/gcc/x86_64-pc-linux-gnu/10.2.0/../../../../lib64/:/lib/x86_64-linux-gnu/:/lib/../lib64/:/usr/lib/x86_64-linux-gnu/:/usr/lib/../lib64/:/home/memojigsaw/ece467/prefix/lib/gcc/x86_64-pc-linux-gnu/10.2.0/../../../:/lib/:/usr/lib/]
  ignore line: [COLLECT_GCC_OPTIONS='-v' '-o' 'CMakeFiles/cmTC_47343.dir/CMakeCXXCompilerABI.cpp.o' '-c' '-shared-libgcc' '-mtune=generic' '-march=x86-64']
  ignore line: [Linking CXX executable cmTC_47343]
  ignore line: [/home/memojigsaw/ece467/prefix/bin/cmake -E cmake_link_script CMakeFiles/cmTC_47343.dir/link.txt --verbose=1]
  ignore line: [/home/memojigsaw/ece467/prefix/bin/c++  -v CMakeFiles/cmTC_47343.dir/CMakeCXXCompilerABI.cpp.o -o cmTC_47343 ]
  ignore line: [Using built-in specs.]
  ignore line: [COLLECT_GCC=/home/memojigsaw/ece467/prefix/bin/c++]
  ignore line: [COLLECT_LTO_WRAPPER=/home/memojigsaw/ece467/prefix/libexec/gcc/x86_64-pc-linux-gnu/10.2.0/lto-wrapper]
  ignore line: [Target: x86_64-pc-linux-gnu]
  ignore line: [Configured with: ../configure --prefix=/home/memojigsaw/ece467/prefix --enable-languages=c++ --disable-multilib]
  ignore line: [Thread model: posix]
  ignore line: [Supported LTO compression algorithms: zlib]
  ignore line: [gcc version 10.2.0 (GCC) ]
  ignore line: [COMPILER_PATH=/home/memojigsaw/ece467/prefix/libexec/gcc/x86_64-pc-linux-gnu/10.2.0/:/home/memojigsaw/ece467/prefix/libexec/gcc/x86_64-pc-linux-gnu/10.2.0/:/home/memojigsaw/ece467/prefix/libexec/gcc/x86_64-pc-linux-gnu/:/home/memojigsaw/ece467/prefix/lib/gcc/x86_64-pc-linux-gnu/10.2.0/:/home/memojigsaw/ece467/prefix/lib/gcc/x86_64-pc-linux-gnu/]
  ignore line: [LIBRARY_PATH=/home/memojigsaw/ece467/prefix/lib/gcc/x86_64-pc-linux-gnu/10.2.0/:/home/memojigsaw/ece467/prefix/lib/gcc/x86_64-pc-linux-gnu/10.2.0/../../../../lib64/:/lib/x86_64-linux-gnu/:/lib/../lib64/:/usr/lib/x86_64-linux-gnu/:/usr/lib/../lib64/:/home/memojigsaw/ece467/prefix/lib/gcc/x86_64-pc-linux-gnu/10.2.0/../../../:/lib/:/usr/lib/]
  ignore line: [COLLECT_GCC_OPTIONS='-v' '-o' 'cmTC_47343' '-shared-libgcc' '-mtune=generic' '-march=x86-64']
  link line: [ /home/memojigsaw/ece467/prefix/libexec/gcc/x86_64-pc-linux-gnu/10.2.0/collect2 -plugin /home/memojigsaw/ece467/prefix/libexec/gcc/x86_64-pc-linux-gnu/10.2.0/liblto_plugin.so -plugin-opt=/home/memojigsaw/ece467/prefix/libexec/gcc/x86_64-pc-linux-gnu/10.2.0/lto-wrapper -plugin-opt=-fresolution=/tmp/cctOFeNu.res -plugin-opt=-pass-through=-lgcc_s -plugin-opt=-pass-through=-lgcc -plugin-opt=-pass-through=-lc -plugin-opt=-pass-through=-lgcc_s -plugin-opt=-pass-through=-lgcc --eh-frame-hdr -m elf_x86_64 -dynamic-linker /lib64/ld-linux-x86-64.so.2 -o cmTC_47343 /lib/x86_64-linux-gnu/crt1.o /lib/x86_64-linux-gnu/crti.o /home/memojigsaw/ece467/prefix/lib/gcc/x86_64-pc-linux-gnu/10.2.0/crtbegin.o -L/home/memojigsaw/ece467/prefix/lib/gcc/x86_64-pc-linux-gnu/10.2.0 -L/home/memojigsaw/ece467/prefix/lib/gcc/x86_64-pc-linux-gnu/10.2.0/../../../../lib64 -L/lib/x86_64-linux-gnu -L/lib/../lib64 -L/usr/lib/x86_64-linux-gnu -L/usr/lib/../lib64 -L/home/memojigsaw/ece467/prefix/lib/gcc/x86_64-pc-linux-gnu/10.2.0/../../.. CMakeFiles/cmTC_47343.dir/CMakeCXXCompilerABI.cpp.o -lstdc++ -lm -lgcc_s -lgcc -lc -lgcc_s -lgcc /home/memojigsaw/ece467/prefix/lib/gcc/x86_64-pc-linux-gnu/10.2.0/crtend.o /lib/x86_64-linux-gnu/crtn.o]
    arg [/home/memojigsaw/ece467/prefix/libexec/gcc/x86_64-pc-linux-gnu/10.2.0/collect2] ==> ignore
    arg [-plugin] ==> ignore
    arg [/home/memojigsaw/ece467/prefix/libexec/gcc/x86_64-pc-linux-gnu/10.2.0/liblto_plugin.so] ==> ignore
    arg [-plugin-opt=/home/memojigsaw/ece467/prefix/libexec/gcc/x86_64-pc-linux-gnu/10.2.0/lto-wrapper] ==> ignore
    arg [-plugin-opt=-fresolution=/tmp/cctOFeNu.res] ==> ignore
    arg [-plugin-opt=-pass-through=-lgcc_s] ==> ignore
    arg [-plugin-opt=-pass-through=-lgcc] ==> ignore
    arg [-plugin-opt=-pass-through=-lc] ==> ignore
    arg [-plugin-opt=-pass-through=-lgcc_s] ==> ignore
    arg [-plugin-opt=-pass-through=-lgcc] ==> ignore
    arg [--eh-frame-hdr] ==> ignore
    arg [-m] ==> ignore
    arg [elf_x86_64] ==> ignore
    arg [-dynamic-linker] ==> ignore
    arg [/lib64/ld-linux-x86-64.so.2] ==> ignore
    arg [-o] ==> ignore
    arg [cmTC_47343] ==> ignore
    arg [/lib/x86_64-linux-gnu/crt1.o] ==> ignore
    arg [/lib/x86_64-linux-gnu/crti.o] ==> ignore
    arg [/home/memojigsaw/ece467/prefix/lib/gcc/x86_64-pc-linux-gnu/10.2.0/crtbegin.o] ==> ignore
    arg [-L/home/memojigsaw/ece467/prefix/lib/gcc/x86_64-pc-linux-gnu/10.2.0] ==> dir [/home/memojigsaw/ece467/prefix/lib/gcc/x86_64-pc-linux-gnu/10.2.0]
    arg [-L/home/memojigsaw/ece467/prefix/lib/gcc/x86_64-pc-linux-gnu/10.2.0/../../../../lib64] ==> dir [/home/memojigsaw/ece467/prefix/lib/gcc/x86_64-pc-linux-gnu/10.2.0/../../../../lib64]
    arg [-L/lib/x86_64-linux-gnu] ==> dir [/lib/x86_64-linux-gnu]
    arg [-L/lib/../lib64] ==> dir [/lib/../lib64]
    arg [-L/usr/lib/x86_64-linux-gnu] ==> dir [/usr/lib/x86_64-linux-gnu]
    arg [-L/usr/lib/../lib64] ==> dir [/usr/lib/../lib64]
    arg [-L/home/memojigsaw/ece467/prefix/lib/gcc/x86_64-pc-linux-gnu/10.2.0/../../..] ==> dir [/home/memojigsaw/ece467/prefix/lib/gcc/x86_64-pc-linux-gnu/10.2.0/../../..]
    arg [CMakeFiles/cmTC_47343.dir/CMakeCXXCompilerABI.cpp.o] ==> ignore
    arg [-lstdc++] ==> lib [stdc++]
    arg [-lm] ==> lib [m]
    arg [-lgcc_s] ==> lib [gcc_s]
    arg [-lgcc] ==> lib [gcc]
    arg [-lc] ==> lib [c]
    arg [-lgcc_s] ==> lib [gcc_s]
    arg [-lgcc] ==> lib [gcc]
    arg [/home/memojigsaw/ece467/prefix/lib/gcc/x86_64-pc-linux-gnu/10.2.0/crtend.o] ==> ignore
    arg [/lib/x86_64-linux-gnu/crtn.o] ==> ignore
  collapse library dir [/home/memojigsaw/ece467/prefix/lib/gcc/x86_64-pc-linux-gnu/10.2.0] ==> [/home/memojigsaw/ece467/prefix/lib/gcc/x86_64-pc-linux-gnu/10.2.0]
  collapse library dir [/home/memojigsaw/ece467/prefix/lib/gcc/x86_64-pc-linux-gnu/10.2.0/../../../../lib64] ==> [/home/memojigsaw/ece467/prefix/lib64]
  collapse library dir [/lib/x86_64-linux-gnu] ==> [/lib/x86_64-linux-gnu]
  collapse library dir [/lib/../lib64] ==> [/lib64]
  collapse library dir [/usr/lib/x86_64-linux-gnu] ==> [/usr/lib/x86_64-linux-gnu]
  collapse library dir [/usr/lib/../lib64] ==> [/usr/lib64]
  collapse library dir [/home/memojigsaw/ece467/prefix/lib/gcc/x86_64-pc-linux-gnu/10.2.0/../../..] ==> [/home/memojigsaw/ece467/prefix/lib]
  implicit libs: [stdc++;m;gcc_s;gcc;c;gcc_s;gcc]
  implicit dirs: [/home/memojigsaw/ece467/prefix/lib/gcc/x86_64-pc-linux-gnu/10.2.0;/home/memojigsaw/ece467/prefix/lib64;/lib/x86_64-linux-gnu;/lib64;/usr/lib/x86_64-linux-gnu;/usr/lib64;/home/memojigsaw/ece467/prefix/lib]
  implicit fwks: []


